0 info it worked if it ends with ok
1 verbose cli [ 'node', '/usr/local/bin/npm', 'start' ]
2 info using npm@2.1.10
3 info using node@v0.10.33
4 verbose run-script [ 'prestart', 'start', 'poststart' ]
5 info prestart scenevr-web@0.0.1
6 info start scenevr-web@0.0.1
7 verbose unsafe-perm in lifecycle true
8 info scenevr-web@0.0.1 Failed to exec start script
9 verbose stack Error: scenevr-web@0.0.1 start: `coffee server.coffee`
9 verbose stack Exit status 8
9 verbose stack     at EventEmitter.<anonymous> (/usr/local/lib/node_modules/npm/lib/utils/lifecycle.js:212:16)
9 verbose stack     at EventEmitter.emit (events.js:98:17)
9 verbose stack     at ChildProcess.<anonymous> (/usr/local/lib/node_modules/npm/lib/utils/spawn.js:14:12)
9 verbose stack     at ChildProcess.emit (events.js:98:17)
9 verbose stack     at maybeClose (child_process.js:756:16)
9 verbose stack     at Process.ChildProcess._handle.onexit (child_process.js:823:5)
10 verbose pkgid scenevr-web@0.0.1
11 verbose cwd /Users/rorycampbell/Documents/LearningMaterials/HackReactor/Sandbox/threejs/scenevrAll/scenevr-web2
12 error Darwin 13.4.0
13 error argv "node" "/usr/local/bin/npm" "start"
14 error node v0.10.33
15 error npm  v2.1.10
16 error code ELIFECYCLE
17 error scenevr-web@0.0.1 start: `coffee server.coffee`
17 error Exit status 8
18 error Failed at the scenevr-web@0.0.1 start script 'coffee server.coffee'.
18 error This is most likely a problem with the scenevr-web package,
18 error not with npm itself.
18 error Tell the author that this fails on your system:
18 error     coffee server.coffee
18 error You can get their info via:
18 error     npm owner ls scenevr-web
18 error There is likely additional logging output above.
19 verbose exit [ 1, true ]
